<?xml version="1.0" encoding="UTF-8"?>
<testng-results skipped="0" failed="0" ignored="0" total="33" passed="33">
  <reporter-output>
  </reporter-output>
  <suite name="ir.fanap.test.business.NationalCodeBusinessImplTest" duration-ms="490" started-at="2021-04-12T01:27:07 IRDT" finished-at="2021-04-12T01:27:08 IRDT">
    <groups>
    </groups>
    <test name="Command line test" duration-ms="490" started-at="2021-04-12T01:27:07 IRDT" finished-at="2021-04-12T01:27:08 IRDT">
      <class name="ir.fanap.test.business.NationalCodeBusinessImplTest">
        <test-method status="PASS" signature="setup()[pri:0, instance:ir.fanap.test.business.NationalCodeBusinessImplTest@402a079c]" name="setup" is-config="true" duration-ms="291" started-at="2021-04-12T01:27:08 IRDT" finished-at="2021-04-12T01:27:08 IRDT">
          <reporter-output>
          </reporter-output>
        </test-method> <!-- setup -->
        <test-method status="PASS" signature="testCalculateNationalCodeLastDigit()[pri:0, instance:ir.fanap.test.business.NationalCodeBusinessImplTest@402a079c]" name="testCalculateNationalCodeLastDigit" duration-ms="8" started-at="2021-04-12T01:27:08 IRDT" finished-at="2021-04-12T01:27:08 IRDT">
          <exception class="java.lang.StringIndexOutOfBoundsException">
            <message>
              <![CDATA[String index out of range: 6]]>
            </message>
            <full-stacktrace>
              <![CDATA[java.lang.StringIndexOutOfBoundsException: String index out of range: 6
at java.lang.String.charAt(String.java:646)
at ir.fanap.business.NationalCodeBusinessImpl.lambda$calculateNationalCodeLastDigit$0(NationalCodeBusinessImpl.java:45)
at ir.fanap.business.NationalCodeBusinessImpl$$Lambda$102/1593180232.applyAsInt(Unknown Source)
at java.util.stream.IntPipeline$3$1.accept(IntPipeline.java:233)
at java.util.stream.Streams$RangeIntSpliterator.forEachRemaining(Streams.java:110)
at java.util.Spliterator$OfInt.forEachRemaining(Spliterator.java:693)
at java.util.stream.AbstractPipeline.copyInto(AbstractPipeline.java:512)
at java.util.stream.AbstractPipeline.wrapAndCopyInto(AbstractPipeline.java:502)
at java.util.stream.ReduceOps$ReduceOp.evaluateSequential(ReduceOps.java:708)
at java.util.stream.AbstractPipeline.evaluate(AbstractPipeline.java:234)
at java.util.stream.IntPipeline.reduce(IntPipeline.java:456)
at java.util.stream.IntPipeline.sum(IntPipeline.java:414)
at ir.fanap.business.NationalCodeBusinessImpl.calculateNationalCodeLastDigit(NationalCodeBusinessImpl.java:46)
at ir.fanap.test.business.NationalCodeBusinessImplTest.testCalculateNationalCodeLastDigit(NationalCodeBusinessImplTest.java:128)
at sun.reflect.NativeMethodAccessorImpl.invoke0(Native Method)
at sun.reflect.NativeMethodAccessorImpl.invoke(NativeMethodAccessorImpl.java:62)
at sun.reflect.DelegatingMethodAccessorImpl.invoke(DelegatingMethodAccessorImpl.java:43)
at java.lang.reflect.Method.invoke(Method.java:483)
at org.testng.internal.MethodInvocationHelper.invokeMethod(MethodInvocationHelper.java:133)
at org.testng.internal.TestInvoker.invokeMethod(TestInvoker.java:598)
at org.testng.internal.TestInvoker.invokeTestMethod(TestInvoker.java:173)
at org.testng.internal.MethodRunner.runInSequence(MethodRunner.java:46)
at org.testng.internal.TestInvoker$MethodInvocationAgent.invoke(TestInvoker.java:824)
at org.testng.internal.TestInvoker.invokeTestMethods(TestInvoker.java:146)
at org.testng.internal.TestMethodWorker.invokeTestMethods(TestMethodWorker.java:146)
at org.testng.internal.TestMethodWorker.run(TestMethodWorker.java:128)
at org.testng.TestRunner$$Lambda$95/979294118.accept(Unknown Source)
at java.util.ArrayList.forEach(ArrayList.java:1249)
at org.testng.TestRunner.privateRun(TestRunner.java:794)
at org.testng.TestRunner.run(TestRunner.java:596)
at org.testng.SuiteRunner.runTest(SuiteRunner.java:377)
at org.testng.SuiteRunner.runSequentially(SuiteRunner.java:371)
at org.testng.SuiteRunner.privateRun(SuiteRunner.java:332)
at org.testng.SuiteRunner.run(SuiteRunner.java:276)
at org.testng.SuiteRunnerWorker.runSuite(SuiteRunnerWorker.java:53)
at org.testng.SuiteRunnerWorker.run(SuiteRunnerWorker.java:96)
at org.testng.TestNG.runSuitesSequentially(TestNG.java:1212)
at org.testng.TestNG.runSuitesLocally(TestNG.java:1134)
at org.testng.TestNG.runSuites(TestNG.java:1063)
at org.testng.TestNG.run(TestNG.java:1031)
at org.apache.maven.surefire.testng.TestNGExecutor.run(TestNGExecutor.java:77)
at org.apache.maven.surefire.testng.TestNGDirectoryTestSuite.execute(TestNGDirectoryTestSuite.java:110)
at org.apache.maven.surefire.testng.TestNGProvider.invoke(TestNGProvider.java:106)
at sun.reflect.NativeMethodAccessorImpl.invoke0(Native Method)
at sun.reflect.NativeMethodAccessorImpl.invoke(NativeMethodAccessorImpl.java:62)
at sun.reflect.DelegatingMethodAccessorImpl.invoke(DelegatingMethodAccessorImpl.java:43)
at java.lang.reflect.Method.invoke(Method.java:483)
at org.apache.maven.surefire.util.ReflectionUtils.invokeMethodWithArray(ReflectionUtils.java:189)
at org.apache.maven.surefire.booter.ProviderFactory$ProviderProxy.invoke(ProviderFactory.java:165)
at org.apache.maven.surefire.booter.ProviderFactory.invokeProvider(ProviderFactory.java:85)
at org.apache.maven.surefire.booter.ForkedBooter.runSuitesInProcess(ForkedBooter.java:115)
at org.apache.maven.surefire.booter.ForkedBooter.main(ForkedBooter.java:75)
]]>
            </full-stacktrace>
          </exception> <!-- java.lang.StringIndexOutOfBoundsException -->
          <reporter-output>
          </reporter-output>
        </test-method> <!-- testCalculateNationalCodeLastDigit -->
        <test-method status="PASS" signature="testCalculateNationalCodeLastDigit(java.lang.String,int)[pri:0, instance:ir.fanap.test.business.NationalCodeBusinessImplTest@402a079c]" name="testCalculateNationalCodeLastDigit" duration-ms="4" started-at="2021-04-12T01:27:08 IRDT" data-provider="calculateNationalCodeLastDigitDataProvider" finished-at="2021-04-12T01:27:08 IRDT">
          <params>
            <param index="0">
              <value>
                <![CDATA[4310928838]]>
              </value>
            </param>
            <param index="1">
              <value>
                <![CDATA[8]]>
              </value>
            </param>
          </params>
          <reporter-output>
          </reporter-output>
        </test-method> <!-- testCalculateNationalCodeLastDigit -->
        <test-method status="PASS" signature="testCalculateNationalCodeLastDigit(java.lang.String,int)[pri:0, instance:ir.fanap.test.business.NationalCodeBusinessImplTest@402a079c]" name="testCalculateNationalCodeLastDigit" duration-ms="1" started-at="2021-04-12T01:27:08 IRDT" data-provider="calculateNationalCodeLastDigitDataProvider" finished-at="2021-04-12T01:27:08 IRDT">
          <params>
            <param index="0">
              <value>
                <![CDATA[588927678512]]>
              </value>
            </param>
            <param index="1">
              <value>
                <![CDATA[6]]>
              </value>
            </param>
          </params>
          <reporter-output>
          </reporter-output>
        </test-method> <!-- testCalculateNationalCodeLastDigit -->
        <test-method status="PASS" signature="testCalculateNationalCodeLastDigit(java.lang.String,int)[pri:0, instance:ir.fanap.test.business.NationalCodeBusinessImplTest@402a079c]" name="testCalculateNationalCodeLastDigit" duration-ms="1" started-at="2021-04-12T01:27:08 IRDT" data-provider="calculateNationalCodeLastDigitDataProvider" finished-at="2021-04-12T01:27:08 IRDT">
          <params>
            <param index="0">
              <value>
                <![CDATA[1111111111]]>
              </value>
            </param>
            <param index="1">
              <value>
                <![CDATA[1]]>
              </value>
            </param>
          </params>
          <reporter-output>
          </reporter-output>
        </test-method> <!-- testCalculateNationalCodeLastDigit -->
        <test-method status="PASS" signature="testCalculateNationalCodeLastDigit(java.lang.String,int)[pri:0, instance:ir.fanap.test.business.NationalCodeBusinessImplTest@402a079c]" name="testCalculateNationalCodeLastDigit" duration-ms="0" started-at="2021-04-12T01:27:08 IRDT" data-provider="calculateNationalCodeLastDigitDataProvider" finished-at="2021-04-12T01:27:08 IRDT">
          <params>
            <param index="0">
              <value>
                <![CDATA[5889286706]]>
              </value>
            </param>
            <param index="1">
              <value>
                <![CDATA[6]]>
              </value>
            </param>
          </params>
          <reporter-output>
          </reporter-output>
        </test-method> <!-- testCalculateNationalCodeLastDigit -->
        <test-method status="PASS" signature="testGetPersonUniqueCode()[pri:0, instance:ir.fanap.test.business.NationalCodeBusinessImplTest@402a079c]" name="testGetPersonUniqueCode" duration-ms="1" started-at="2021-04-12T01:27:08 IRDT" finished-at="2021-04-12T01:27:08 IRDT">
          <exception class="java.lang.NullPointerException">
            <full-stacktrace>
              <![CDATA[java.lang.NullPointerException
at ir.fanap.business.NationalCodeBusinessImpl.getPersonUniqueCode(NationalCodeBusinessImpl.java:56)
at ir.fanap.test.business.NationalCodeBusinessImplTest.testGetPersonUniqueCode(NationalCodeBusinessImplTest.java:106)
at sun.reflect.NativeMethodAccessorImpl.invoke0(Native Method)
at sun.reflect.NativeMethodAccessorImpl.invoke(NativeMethodAccessorImpl.java:62)
at sun.reflect.DelegatingMethodAccessorImpl.invoke(DelegatingMethodAccessorImpl.java:43)
at java.lang.reflect.Method.invoke(Method.java:483)
at org.testng.internal.MethodInvocationHelper.invokeMethod(MethodInvocationHelper.java:133)
at org.testng.internal.TestInvoker.invokeMethod(TestInvoker.java:598)
at org.testng.internal.TestInvoker.invokeTestMethod(TestInvoker.java:173)
at org.testng.internal.MethodRunner.runInSequence(MethodRunner.java:46)
at org.testng.internal.TestInvoker$MethodInvocationAgent.invoke(TestInvoker.java:824)
at org.testng.internal.TestInvoker.invokeTestMethods(TestInvoker.java:146)
at org.testng.internal.TestMethodWorker.invokeTestMethods(TestMethodWorker.java:146)
at org.testng.internal.TestMethodWorker.run(TestMethodWorker.java:128)
at org.testng.TestRunner$$Lambda$95/979294118.accept(Unknown Source)
at java.util.ArrayList.forEach(ArrayList.java:1249)
at org.testng.TestRunner.privateRun(TestRunner.java:794)
at org.testng.TestRunner.run(TestRunner.java:596)
at org.testng.SuiteRunner.runTest(SuiteRunner.java:377)
at org.testng.SuiteRunner.runSequentially(SuiteRunner.java:371)
at org.testng.SuiteRunner.privateRun(SuiteRunner.java:332)
at org.testng.SuiteRunner.run(SuiteRunner.java:276)
at org.testng.SuiteRunnerWorker.runSuite(SuiteRunnerWorker.java:53)
at org.testng.SuiteRunnerWorker.run(SuiteRunnerWorker.java:96)
at org.testng.TestNG.runSuitesSequentially(TestNG.java:1212)
at org.testng.TestNG.runSuitesLocally(TestNG.java:1134)
at org.testng.TestNG.runSuites(TestNG.java:1063)
at org.testng.TestNG.run(TestNG.java:1031)
at org.apache.maven.surefire.testng.TestNGExecutor.run(TestNGExecutor.java:77)
at org.apache.maven.surefire.testng.TestNGDirectoryTestSuite.execute(TestNGDirectoryTestSuite.java:110)
at org.apache.maven.surefire.testng.TestNGProvider.invoke(TestNGProvider.java:106)
at sun.reflect.NativeMethodAccessorImpl.invoke0(Native Method)
at sun.reflect.NativeMethodAccessorImpl.invoke(NativeMethodAccessorImpl.java:62)
at sun.reflect.DelegatingMethodAccessorImpl.invoke(DelegatingMethodAccessorImpl.java:43)
at java.lang.reflect.Method.invoke(Method.java:483)
at org.apache.maven.surefire.util.ReflectionUtils.invokeMethodWithArray(ReflectionUtils.java:189)
at org.apache.maven.surefire.booter.ProviderFactory$ProviderProxy.invoke(ProviderFactory.java:165)
at org.apache.maven.surefire.booter.ProviderFactory.invokeProvider(ProviderFactory.java:85)
at org.apache.maven.surefire.booter.ForkedBooter.runSuitesInProcess(ForkedBooter.java:115)
at org.apache.maven.surefire.booter.ForkedBooter.main(ForkedBooter.java:75)
]]>
            </full-stacktrace>
          </exception> <!-- java.lang.NullPointerException -->
          <reporter-output>
          </reporter-output>
        </test-method> <!-- testGetPersonUniqueCode -->
        <test-method status="PASS" signature="testGetPersonUniqueCode(ir.fanap.model.NationalCode,java.lang.String)[pri:0, instance:ir.fanap.test.business.NationalCodeBusinessImplTest@402a079c]" name="testGetPersonUniqueCode" duration-ms="0" started-at="2021-04-12T01:27:08 IRDT" data-provider="testGetPersonUniqueCodeDataProvider" finished-at="2021-04-12T01:27:08 IRDT">
          <params>
            <param index="0">
              <value>
                <![CDATA[NationalCode{nationalCode='4310928838', inputDateTime=null, isValid=false}]]>
              </value>
            </param>
            <param index="1">
              <value>
                <![CDATA[092883]]>
              </value>
            </param>
          </params>
          <reporter-output>
          </reporter-output>
        </test-method> <!-- testGetPersonUniqueCode -->
        <test-method status="PASS" signature="testGetPersonUniqueCode(ir.fanap.model.NationalCode,java.lang.String)[pri:0, instance:ir.fanap.test.business.NationalCodeBusinessImplTest@402a079c]" name="testGetPersonUniqueCode" duration-ms="0" started-at="2021-04-12T01:27:08 IRDT" data-provider="testGetPersonUniqueCodeDataProvider" finished-at="2021-04-12T01:27:08 IRDT">
          <params>
            <param index="0">
              <value>
                <![CDATA[NationalCode{nationalCode='4769567852', inputDateTime=null, isValid=false}]]>
              </value>
            </param>
            <param index="1">
              <value>
                <![CDATA[956785]]>
              </value>
            </param>
          </params>
          <reporter-output>
          </reporter-output>
        </test-method> <!-- testGetPersonUniqueCode -->
        <test-method status="PASS" signature="testGetPersonUniqueCode(ir.fanap.model.NationalCode,java.lang.String)[pri:0, instance:ir.fanap.test.business.NationalCodeBusinessImplTest@402a079c]" name="testGetPersonUniqueCode" duration-ms="1" started-at="2021-04-12T01:27:08 IRDT" data-provider="testGetPersonUniqueCodeDataProvider" finished-at="2021-04-12T01:27:08 IRDT">
          <params>
            <param index="0">
              <value>
                <![CDATA[NationalCode{nationalCode='1111111111', inputDateTime=null, isValid=false}]]>
              </value>
            </param>
            <param index="1">
              <value>
                <![CDATA[111111]]>
              </value>
            </param>
          </params>
          <reporter-output>
          </reporter-output>
        </test-method> <!-- testGetPersonUniqueCode -->
        <test-method status="PASS" signature="testGetPersonUniqueCode(ir.fanap.model.NationalCode,java.lang.String)[pri:0, instance:ir.fanap.test.business.NationalCodeBusinessImplTest@402a079c]" name="testGetPersonUniqueCode" duration-ms="1" started-at="2021-04-12T01:27:08 IRDT" data-provider="testGetPersonUniqueCodeDataProvider" finished-at="2021-04-12T01:27:08 IRDT">
          <params>
            <param index="0">
              <value>
                <![CDATA[NationalCode{nationalCode='5889286706', inputDateTime=null, isValid=false}]]>
              </value>
            </param>
            <param index="1">
              <value>
                <![CDATA[928670]]>
              </value>
            </param>
          </params>
          <reporter-output>
          </reporter-output>
        </test-method> <!-- testGetPersonUniqueCode -->
        <test-method status="PASS" signature="testGetStateCode()[pri:0, instance:ir.fanap.test.business.NationalCodeBusinessImplTest@402a079c]" name="testGetStateCode" duration-ms="1" started-at="2021-04-12T01:27:08 IRDT" finished-at="2021-04-12T01:27:08 IRDT">
          <exception class="java.lang.NullPointerException">
            <full-stacktrace>
              <![CDATA[java.lang.NullPointerException
at ir.fanap.business.NationalCodeBusinessImpl.getStateCode(NationalCodeBusinessImpl.java:52)
at ir.fanap.test.business.NationalCodeBusinessImplTest.testGetStateCode(NationalCodeBusinessImplTest.java:95)
at sun.reflect.NativeMethodAccessorImpl.invoke0(Native Method)
at sun.reflect.NativeMethodAccessorImpl.invoke(NativeMethodAccessorImpl.java:62)
at sun.reflect.DelegatingMethodAccessorImpl.invoke(DelegatingMethodAccessorImpl.java:43)
at java.lang.reflect.Method.invoke(Method.java:483)
at org.testng.internal.MethodInvocationHelper.invokeMethod(MethodInvocationHelper.java:133)
at org.testng.internal.TestInvoker.invokeMethod(TestInvoker.java:598)
at org.testng.internal.TestInvoker.invokeTestMethod(TestInvoker.java:173)
at org.testng.internal.MethodRunner.runInSequence(MethodRunner.java:46)
at org.testng.internal.TestInvoker$MethodInvocationAgent.invoke(TestInvoker.java:824)
at org.testng.internal.TestInvoker.invokeTestMethods(TestInvoker.java:146)
at org.testng.internal.TestMethodWorker.invokeTestMethods(TestMethodWorker.java:146)
at org.testng.internal.TestMethodWorker.run(TestMethodWorker.java:128)
at org.testng.TestRunner$$Lambda$95/979294118.accept(Unknown Source)
at java.util.ArrayList.forEach(ArrayList.java:1249)
at org.testng.TestRunner.privateRun(TestRunner.java:794)
at org.testng.TestRunner.run(TestRunner.java:596)
at org.testng.SuiteRunner.runTest(SuiteRunner.java:377)
at org.testng.SuiteRunner.runSequentially(SuiteRunner.java:371)
at org.testng.SuiteRunner.privateRun(SuiteRunner.java:332)
at org.testng.SuiteRunner.run(SuiteRunner.java:276)
at org.testng.SuiteRunnerWorker.runSuite(SuiteRunnerWorker.java:53)
at org.testng.SuiteRunnerWorker.run(SuiteRunnerWorker.java:96)
at org.testng.TestNG.runSuitesSequentially(TestNG.java:1212)
at org.testng.TestNG.runSuitesLocally(TestNG.java:1134)
at org.testng.TestNG.runSuites(TestNG.java:1063)
at org.testng.TestNG.run(TestNG.java:1031)
at org.apache.maven.surefire.testng.TestNGExecutor.run(TestNGExecutor.java:77)
at org.apache.maven.surefire.testng.TestNGDirectoryTestSuite.execute(TestNGDirectoryTestSuite.java:110)
at org.apache.maven.surefire.testng.TestNGProvider.invoke(TestNGProvider.java:106)
at sun.reflect.NativeMethodAccessorImpl.invoke0(Native Method)
at sun.reflect.NativeMethodAccessorImpl.invoke(NativeMethodAccessorImpl.java:62)
at sun.reflect.DelegatingMethodAccessorImpl.invoke(DelegatingMethodAccessorImpl.java:43)
at java.lang.reflect.Method.invoke(Method.java:483)
at org.apache.maven.surefire.util.ReflectionUtils.invokeMethodWithArray(ReflectionUtils.java:189)
at org.apache.maven.surefire.booter.ProviderFactory$ProviderProxy.invoke(ProviderFactory.java:165)
at org.apache.maven.surefire.booter.ProviderFactory.invokeProvider(ProviderFactory.java:85)
at org.apache.maven.surefire.booter.ForkedBooter.runSuitesInProcess(ForkedBooter.java:115)
at org.apache.maven.surefire.booter.ForkedBooter.main(ForkedBooter.java:75)
]]>
            </full-stacktrace>
          </exception> <!-- java.lang.NullPointerException -->
          <reporter-output>
          </reporter-output>
        </test-method> <!-- testGetStateCode -->
        <test-method status="PASS" signature="testGetStateCode(ir.fanap.model.NationalCode,java.lang.String)[pri:0, instance:ir.fanap.test.business.NationalCodeBusinessImplTest@402a079c]" name="testGetStateCode" duration-ms="0" started-at="2021-04-12T01:27:08 IRDT" data-provider="getStateCodeDataProvider" finished-at="2021-04-12T01:27:08 IRDT">
          <params>
            <param index="0">
              <value>
                <![CDATA[NationalCode{nationalCode='4310928838', inputDateTime=null, isValid=false}]]>
              </value>
            </param>
            <param index="1">
              <value>
                <![CDATA[431]]>
              </value>
            </param>
          </params>
          <reporter-output>
          </reporter-output>
        </test-method> <!-- testGetStateCode -->
        <test-method status="PASS" signature="testGetStateCode(ir.fanap.model.NationalCode,java.lang.String)[pri:0, instance:ir.fanap.test.business.NationalCodeBusinessImplTest@402a079c]" name="testGetStateCode" duration-ms="0" started-at="2021-04-12T01:27:08 IRDT" data-provider="getStateCodeDataProvider" finished-at="2021-04-12T01:27:08 IRDT">
          <params>
            <param index="0">
              <value>
                <![CDATA[NationalCode{nationalCode='4769567852', inputDateTime=null, isValid=false}]]>
              </value>
            </param>
            <param index="1">
              <value>
                <![CDATA[476]]>
              </value>
            </param>
          </params>
          <reporter-output>
          </reporter-output>
        </test-method> <!-- testGetStateCode -->
        <test-method status="PASS" signature="testGetStateCode(ir.fanap.model.NationalCode,java.lang.String)[pri:0, instance:ir.fanap.test.business.NationalCodeBusinessImplTest@402a079c]" name="testGetStateCode" duration-ms="0" started-at="2021-04-12T01:27:08 IRDT" data-provider="getStateCodeDataProvider" finished-at="2021-04-12T01:27:08 IRDT">
          <params>
            <param index="0">
              <value>
                <![CDATA[NationalCode{nationalCode='1111111111', inputDateTime=null, isValid=false}]]>
              </value>
            </param>
            <param index="1">
              <value>
                <![CDATA[111]]>
              </value>
            </param>
          </params>
          <reporter-output>
          </reporter-output>
        </test-method> <!-- testGetStateCode -->
        <test-method status="PASS" signature="testGetStateCode(ir.fanap.model.NationalCode,java.lang.String)[pri:0, instance:ir.fanap.test.business.NationalCodeBusinessImplTest@402a079c]" name="testGetStateCode" duration-ms="1" started-at="2021-04-12T01:27:08 IRDT" data-provider="getStateCodeDataProvider" finished-at="2021-04-12T01:27:08 IRDT">
          <params>
            <param index="0">
              <value>
                <![CDATA[NationalCode{nationalCode='1234567', inputDateTime=null, isValid=false}]]>
              </value>
            </param>
            <param index="1">
              <value>
                <![CDATA[123]]>
              </value>
            </param>
          </params>
          <reporter-output>
          </reporter-output>
        </test-method> <!-- testGetStateCode -->
        <test-method status="PASS" signature="testGetStateCode(ir.fanap.model.NationalCode,java.lang.String)[pri:0, instance:ir.fanap.test.business.NationalCodeBusinessImplTest@402a079c]" name="testGetStateCode" duration-ms="0" started-at="2021-04-12T01:27:08 IRDT" data-provider="getStateCodeDataProvider" finished-at="2021-04-12T01:27:08 IRDT">
          <params>
            <param index="0">
              <value>
                <![CDATA[NationalCode{nationalCode='5889286706', inputDateTime=2021/04/12 01:27:08, isValid=true}]]>
              </value>
            </param>
            <param index="1">
              <value>
                <![CDATA[588]]>
              </value>
            </param>
          </params>
          <reporter-output>
          </reporter-output>
        </test-method> <!-- testGetStateCode -->
        <test-method status="PASS" signature="testHasInValidLengthOrDigits()[pri:0, instance:ir.fanap.test.business.NationalCodeBusinessImplTest@402a079c]" name="testHasInValidLengthOrDigits" duration-ms="5" started-at="2021-04-12T01:27:08 IRDT" finished-at="2021-04-12T01:27:08 IRDT">
          <exception class="java.lang.NullPointerException">
            <full-stacktrace>
              <![CDATA[java.lang.NullPointerException
at ir.fanap.business.NationalCodeBusinessImpl.hasInValidLengthOrDigits(NationalCodeBusinessImpl.java:37)
at ir.fanap.test.business.NationalCodeBusinessImplTest.testHasInValidLengthOrDigits(NationalCodeBusinessImplTest.java:117)
at sun.reflect.NativeMethodAccessorImpl.invoke0(Native Method)
at sun.reflect.NativeMethodAccessorImpl.invoke(NativeMethodAccessorImpl.java:62)
at sun.reflect.DelegatingMethodAccessorImpl.invoke(DelegatingMethodAccessorImpl.java:43)
at java.lang.reflect.Method.invoke(Method.java:483)
at org.testng.internal.MethodInvocationHelper.invokeMethod(MethodInvocationHelper.java:133)
at org.testng.internal.TestInvoker.invokeMethod(TestInvoker.java:598)
at org.testng.internal.TestInvoker.invokeTestMethod(TestInvoker.java:173)
at org.testng.internal.MethodRunner.runInSequence(MethodRunner.java:46)
at org.testng.internal.TestInvoker$MethodInvocationAgent.invoke(TestInvoker.java:824)
at org.testng.internal.TestInvoker.invokeTestMethods(TestInvoker.java:146)
at org.testng.internal.TestMethodWorker.invokeTestMethods(TestMethodWorker.java:146)
at org.testng.internal.TestMethodWorker.run(TestMethodWorker.java:128)
at org.testng.TestRunner$$Lambda$95/979294118.accept(Unknown Source)
at java.util.ArrayList.forEach(ArrayList.java:1249)
at org.testng.TestRunner.privateRun(TestRunner.java:794)
at org.testng.TestRunner.run(TestRunner.java:596)
at org.testng.SuiteRunner.runTest(SuiteRunner.java:377)
at org.testng.SuiteRunner.runSequentially(SuiteRunner.java:371)
at org.testng.SuiteRunner.privateRun(SuiteRunner.java:332)
at org.testng.SuiteRunner.run(SuiteRunner.java:276)
at org.testng.SuiteRunnerWorker.runSuite(SuiteRunnerWorker.java:53)
at org.testng.SuiteRunnerWorker.run(SuiteRunnerWorker.java:96)
at org.testng.TestNG.runSuitesSequentially(TestNG.java:1212)
at org.testng.TestNG.runSuitesLocally(TestNG.java:1134)
at org.testng.TestNG.runSuites(TestNG.java:1063)
at org.testng.TestNG.run(TestNG.java:1031)
at org.apache.maven.surefire.testng.TestNGExecutor.run(TestNGExecutor.java:77)
at org.apache.maven.surefire.testng.TestNGDirectoryTestSuite.execute(TestNGDirectoryTestSuite.java:110)
at org.apache.maven.surefire.testng.TestNGProvider.invoke(TestNGProvider.java:106)
at sun.reflect.NativeMethodAccessorImpl.invoke0(Native Method)
at sun.reflect.NativeMethodAccessorImpl.invoke(NativeMethodAccessorImpl.java:62)
at sun.reflect.DelegatingMethodAccessorImpl.invoke(DelegatingMethodAccessorImpl.java:43)
at java.lang.reflect.Method.invoke(Method.java:483)
at org.apache.maven.surefire.util.ReflectionUtils.invokeMethodWithArray(ReflectionUtils.java:189)
at org.apache.maven.surefire.booter.ProviderFactory$ProviderProxy.invoke(ProviderFactory.java:165)
at org.apache.maven.surefire.booter.ProviderFactory.invokeProvider(ProviderFactory.java:85)
at org.apache.maven.surefire.booter.ForkedBooter.runSuitesInProcess(ForkedBooter.java:115)
at org.apache.maven.surefire.booter.ForkedBooter.main(ForkedBooter.java:75)
]]>
            </full-stacktrace>
          </exception> <!-- java.lang.NullPointerException -->
          <reporter-output>
          </reporter-output>
        </test-method> <!-- testHasInValidLengthOrDigits -->
        <test-method status="PASS" signature="testHasInValidLengthOrDigits(java.lang.String,boolean)[pri:0, instance:ir.fanap.test.business.NationalCodeBusinessImplTest@402a079c]" name="testHasInValidLengthOrDigits" duration-ms="0" started-at="2021-04-12T01:27:08 IRDT" data-provider="invalidLengthOrDigitsDataProvider" finished-at="2021-04-12T01:27:08 IRDT">
          <params>
            <param index="0">
              <value>
                <![CDATA[123456]]>
              </value>
            </param>
            <param index="1">
              <value>
                <![CDATA[true]]>
              </value>
            </param>
          </params>
          <reporter-output>
          </reporter-output>
        </test-method> <!-- testHasInValidLengthOrDigits -->
        <test-method status="PASS" signature="testHasInValidLengthOrDigits(java.lang.String,boolean)[pri:0, instance:ir.fanap.test.business.NationalCodeBusinessImplTest@402a079c]" name="testHasInValidLengthOrDigits" duration-ms="0" started-at="2021-04-12T01:27:08 IRDT" data-provider="invalidLengthOrDigitsDataProvider" finished-at="2021-04-12T01:27:08 IRDT">
          <params>
            <param index="0">
              <value>
                <![CDATA[87654321]]>
              </value>
            </param>
            <param index="1">
              <value>
                <![CDATA[false]]>
              </value>
            </param>
          </params>
          <reporter-output>
          </reporter-output>
        </test-method> <!-- testHasInValidLengthOrDigits -->
        <test-method status="PASS" signature="testHasInValidLengthOrDigits(java.lang.String,boolean)[pri:0, instance:ir.fanap.test.business.NationalCodeBusinessImplTest@402a079c]" name="testHasInValidLengthOrDigits" duration-ms="1" started-at="2021-04-12T01:27:08 IRDT" data-provider="invalidLengthOrDigitsDataProvider" finished-at="2021-04-12T01:27:08 IRDT">
          <params>
            <param index="0">
              <value>
                <![CDATA[526341859]]>
              </value>
            </param>
            <param index="1">
              <value>
                <![CDATA[false]]>
              </value>
            </param>
          </params>
          <reporter-output>
          </reporter-output>
        </test-method> <!-- testHasInValidLengthOrDigits -->
        <test-method status="PASS" signature="testHasInValidLengthOrDigits(java.lang.String,boolean)[pri:0, instance:ir.fanap.test.business.NationalCodeBusinessImplTest@402a079c]" name="testHasInValidLengthOrDigits" duration-ms="0" started-at="2021-04-12T01:27:08 IRDT" data-provider="invalidLengthOrDigitsDataProvider" finished-at="2021-04-12T01:27:08 IRDT">
          <params>
            <param index="0">
              <value>
                <![CDATA[0123456789012]]>
              </value>
            </param>
            <param index="1">
              <value>
                <![CDATA[true]]>
              </value>
            </param>
          </params>
          <reporter-output>
          </reporter-output>
        </test-method> <!-- testHasInValidLengthOrDigits -->
        <test-method status="PASS" signature="testHasInValidLengthOrDigits(java.lang.String,boolean)[pri:0, instance:ir.fanap.test.business.NationalCodeBusinessImplTest@402a079c]" name="testHasInValidLengthOrDigits" duration-ms="1" started-at="2021-04-12T01:27:08 IRDT" data-provider="invalidLengthOrDigitsDataProvider" finished-at="2021-04-12T01:27:08 IRDT">
          <params>
            <param index="0">
              <value>
                <![CDATA[1111111111]]>
              </value>
            </param>
            <param index="1">
              <value>
                <![CDATA[true]]>
              </value>
            </param>
          </params>
          <reporter-output>
          </reporter-output>
        </test-method> <!-- testHasInValidLengthOrDigits -->
        <test-method status="PASS" signature="testHasInValidLengthOrDigits(java.lang.String,boolean)[pri:0, instance:ir.fanap.test.business.NationalCodeBusinessImplTest@402a079c]" name="testHasInValidLengthOrDigits" duration-ms="1" started-at="2021-04-12T01:27:08 IRDT" data-provider="invalidLengthOrDigitsDataProvider" finished-at="2021-04-12T01:27:08 IRDT">
          <params>
            <param index="0">
              <value>
                <![CDATA[8888888888888]]>
              </value>
            </param>
            <param index="1">
              <value>
                <![CDATA[true]]>
              </value>
            </param>
          </params>
          <reporter-output>
          </reporter-output>
        </test-method> <!-- testHasInValidLengthOrDigits -->
        <test-method status="PASS" signature="testHasInValidLengthOrDigits(java.lang.String,boolean)[pri:0, instance:ir.fanap.test.business.NationalCodeBusinessImplTest@402a079c]" name="testHasInValidLengthOrDigits" duration-ms="1" started-at="2021-04-12T01:27:08 IRDT" data-provider="invalidLengthOrDigitsDataProvider" finished-at="2021-04-12T01:27:08 IRDT">
          <params>
            <param index="0">
              <value>
                <![CDATA[2222]]>
              </value>
            </param>
            <param index="1">
              <value>
                <![CDATA[true]]>
              </value>
            </param>
          </params>
          <reporter-output>
          </reporter-output>
        </test-method> <!-- testHasInValidLengthOrDigits -->
        <test-method status="PASS" signature="testHasInValidLengthOrDigits(java.lang.String,boolean)[pri:0, instance:ir.fanap.test.business.NationalCodeBusinessImplTest@402a079c]" name="testHasInValidLengthOrDigits" duration-ms="0" started-at="2021-04-12T01:27:08 IRDT" data-provider="invalidLengthOrDigitsDataProvider" finished-at="2021-04-12T01:27:08 IRDT">
          <params>
            <param index="0">
              <value>
                <![CDATA[00000000]]>
              </value>
            </param>
            <param index="1">
              <value>
                <![CDATA[true]]>
              </value>
            </param>
          </params>
          <reporter-output>
          </reporter-output>
        </test-method> <!-- testHasInValidLengthOrDigits -->
        <test-method status="PASS" signature="testHasInValidLengthOrDigits(java.lang.String,boolean)[pri:0, instance:ir.fanap.test.business.NationalCodeBusinessImplTest@402a079c]" name="testHasInValidLengthOrDigits" duration-ms="1" started-at="2021-04-12T01:27:08 IRDT" data-provider="invalidLengthOrDigitsDataProvider" finished-at="2021-04-12T01:27:08 IRDT">
          <params>
            <param index="0">
              <value>
                <![CDATA[333333333]]>
              </value>
            </param>
            <param index="1">
              <value>
                <![CDATA[true]]>
              </value>
            </param>
          </params>
          <reporter-output>
          </reporter-output>
        </test-method> <!-- testHasInValidLengthOrDigits -->
        <test-method status="PASS" signature="testHasInValidLengthOrDigits(java.lang.String,boolean)[pri:0, instance:ir.fanap.test.business.NationalCodeBusinessImplTest@402a079c]" name="testHasInValidLengthOrDigits" duration-ms="0" started-at="2021-04-12T01:27:08 IRDT" data-provider="invalidLengthOrDigitsDataProvider" finished-at="2021-04-12T01:27:08 IRDT">
          <params>
            <param index="0">
              <value>
                <![CDATA[1010101010]]>
              </value>
            </param>
            <param index="1">
              <value>
                <![CDATA[false]]>
              </value>
            </param>
          </params>
          <reporter-output>
          </reporter-output>
        </test-method> <!-- testHasInValidLengthOrDigits -->
        <test-method status="PASS" signature="testValidateNationalCode(ir.fanap.model.NationalCode)[pri:0, instance:ir.fanap.test.business.NationalCodeBusinessImplTest@402a079c]" name="testValidateNationalCode" duration-ms="3" started-at="2021-04-12T01:27:08 IRDT" data-provider="validateNationalCodeDataProvider" finished-at="2021-04-12T01:27:08 IRDT">
          <params>
            <param index="0">
              <value>
                <![CDATA[NationalCode{nationalCode='4310928838', inputDateTime=2021/04/12 01:27:08, isValid=true}]]>
              </value>
            </param>
          </params>
          <reporter-output>
          </reporter-output>
        </test-method> <!-- testValidateNationalCode -->
        <test-method status="PASS" signature="testValidateNationalCode(ir.fanap.model.NationalCode)[pri:0, instance:ir.fanap.test.business.NationalCodeBusinessImplTest@402a079c]" name="testValidateNationalCode" duration-ms="1" started-at="2021-04-12T01:27:08 IRDT" data-provider="validateNationalCodeDataProvider" finished-at="2021-04-12T01:27:08 IRDT">
          <params>
            <param index="0">
              <value>
                <![CDATA[NationalCode{nationalCode='588927678512', inputDateTime=2021/04/12 01:27:08, isValid=false}]]>
              </value>
            </param>
          </params>
          <reporter-output>
          </reporter-output>
        </test-method> <!-- testValidateNationalCode -->
        <test-method status="PASS" signature="testValidateNationalCode(ir.fanap.model.NationalCode)[pri:0, instance:ir.fanap.test.business.NationalCodeBusinessImplTest@402a079c]" name="testValidateNationalCode" duration-ms="1" started-at="2021-04-12T01:27:08 IRDT" data-provider="validateNationalCodeDataProvider" finished-at="2021-04-12T01:27:08 IRDT">
          <params>
            <param index="0">
              <value>
                <![CDATA[NationalCode{nationalCode='1111111111', inputDateTime=2021/04/12 01:27:08, isValid=false}]]>
              </value>
            </param>
          </params>
          <reporter-output>
          </reporter-output>
        </test-method> <!-- testValidateNationalCode -->
        <test-method status="PASS" signature="testValidateNationalCode(ir.fanap.model.NationalCode)[pri:0, instance:ir.fanap.test.business.NationalCodeBusinessImplTest@402a079c]" name="testValidateNationalCode" duration-ms="2" started-at="2021-04-12T01:27:08 IRDT" data-provider="validateNationalCodeDataProvider" finished-at="2021-04-12T01:27:08 IRDT">
          <params>
            <param index="0">
              <value>
                <![CDATA[NationalCode{nationalCode='1234567', inputDateTime=2021/04/12 01:27:08, isValid=false}]]>
              </value>
            </param>
          </params>
          <reporter-output>
          </reporter-output>
        </test-method> <!-- testValidateNationalCode -->
        <test-method status="PASS" signature="testValidateNationalCode(ir.fanap.model.NationalCode)[pri:0, instance:ir.fanap.test.business.NationalCodeBusinessImplTest@402a079c]" name="testValidateNationalCode" duration-ms="5" started-at="2021-04-12T01:27:08 IRDT" data-provider="validateNationalCodeDataProvider" finished-at="2021-04-12T01:27:08 IRDT">
          <params>
            <param index="0">
              <value>
                <![CDATA[NationalCode{nationalCode='5889286706', inputDateTime=2021/04/12 01:27:08, isValid=true}]]>
              </value>
            </param>
          </params>
          <reporter-output>
          </reporter-output>
        </test-method> <!-- testValidateNationalCode -->
        <test-method status="PASS" signature="testValidateNationalCode(ir.fanap.model.NationalCode)[pri:0, instance:ir.fanap.test.business.NationalCodeBusinessImplTest@402a079c]" name="testValidateNationalCode" duration-ms="1" started-at="2021-04-12T01:27:08 IRDT" data-provider="validateNationalCodeDataProvider" finished-at="2021-04-12T01:27:08 IRDT">
          <params>
            <param index="0">
              <value>
                <![CDATA[NationalCode{nationalCode='null', inputDateTime=2021/04/12 01:27:08, isValid=false}]]>
              </value>
            </param>
          </params>
          <reporter-output>
          </reporter-output>
        </test-method> <!-- testValidateNationalCode -->
      </class> <!-- ir.fanap.test.business.NationalCodeBusinessImplTest -->
    </test> <!-- Command line test -->
  </suite> <!-- ir.fanap.test.business.NationalCodeBusinessImplTest -->
</testng-results>
