<?xml version="1.0" encoding="UTF-8"?>
<!-- Generated by org.testng.reporters.JUnitXMLReporter -->
<testsuite hostname="DESKTOP-GC77B24" ignored="0" name="Command line test" tests="33" failures="0" timestamp="2021-04-12T01:27:08 IRDT" time="0.49" errors="0">
  <testcase name="testCalculateNationalCodeLastDigit" time="0.008" classname="ir.fanap.test.business.NationalCodeBusinessImplTest"/>
  <testcase name="testCalculateNationalCodeLastDigit" time="0.004" classname="ir.fanap.test.business.NationalCodeBusinessImplTest"/>
  <testcase name="testCalculateNationalCodeLastDigit" time="0.001" classname="ir.fanap.test.business.NationalCodeBusinessImplTest"/>
  <testcase name="testCalculateNationalCodeLastDigit" time="0.001" classname="ir.fanap.test.business.NationalCodeBusinessImplTest"/>
  <testcase name="testCalculateNationalCodeLastDigit" time="0.0" classname="ir.fanap.test.business.NationalCodeBusinessImplTest"/>
  <testcase name="testGetPersonUniqueCode" time="0.001" classname="ir.fanap.test.business.NationalCodeBusinessImplTest"/>
  <testcase name="testGetPersonUniqueCode" time="0.0" classname="ir.fanap.test.business.NationalCodeBusinessImplTest"/>
  <testcase name="testGetPersonUniqueCode" time="0.0" classname="ir.fanap.test.business.NationalCodeBusinessImplTest"/>
  <testcase name="testGetPersonUniqueCode" time="0.001" classname="ir.fanap.test.business.NationalCodeBusinessImplTest"/>
  <testcase name="testGetPersonUniqueCode" time="0.001" classname="ir.fanap.test.business.NationalCodeBusinessImplTest"/>
  <testcase name="testGetStateCode" time="0.001" classname="ir.fanap.test.business.NationalCodeBusinessImplTest"/>
  <testcase name="testGetStateCode" time="0.0" classname="ir.fanap.test.business.NationalCodeBusinessImplTest"/>
  <testcase name="testGetStateCode" time="0.0" classname="ir.fanap.test.business.NationalCodeBusinessImplTest"/>
  <testcase name="testGetStateCode" time="0.0" classname="ir.fanap.test.business.NationalCodeBusinessImplTest"/>
  <testcase name="testGetStateCode" time="0.001" classname="ir.fanap.test.business.NationalCodeBusinessImplTest"/>
  <testcase name="testGetStateCode" time="0.0" classname="ir.fanap.test.business.NationalCodeBusinessImplTest"/>
  <testcase name="testHasInValidLengthOrDigits" time="0.005" classname="ir.fanap.test.business.NationalCodeBusinessImplTest"/>
  <testcase name="testHasInValidLengthOrDigits" time="0.0" classname="ir.fanap.test.business.NationalCodeBusinessImplTest"/>
  <testcase name="testHasInValidLengthOrDigits" time="0.0" classname="ir.fanap.test.business.NationalCodeBusinessImplTest"/>
  <testcase name="testHasInValidLengthOrDigits" time="0.001" classname="ir.fanap.test.business.NationalCodeBusinessImplTest"/>
  <testcase name="testHasInValidLengthOrDigits" time="0.0" classname="ir.fanap.test.business.NationalCodeBusinessImplTest"/>
  <testcase name="testHasInValidLengthOrDigits" time="0.001" classname="ir.fanap.test.business.NationalCodeBusinessImplTest"/>
  <testcase name="testHasInValidLengthOrDigits" time="0.001" classname="ir.fanap.test.business.NationalCodeBusinessImplTest"/>
  <testcase name="testHasInValidLengthOrDigits" time="0.001" classname="ir.fanap.test.business.NationalCodeBusinessImplTest"/>
  <testcase name="testHasInValidLengthOrDigits" time="0.0" classname="ir.fanap.test.business.NationalCodeBusinessImplTest"/>
  <testcase name="testHasInValidLengthOrDigits" time="0.001" classname="ir.fanap.test.business.NationalCodeBusinessImplTest"/>
  <testcase name="testHasInValidLengthOrDigits" time="0.0" classname="ir.fanap.test.business.NationalCodeBusinessImplTest"/>
  <testcase name="testValidateNationalCode" time="0.003" classname="ir.fanap.test.business.NationalCodeBusinessImplTest"/>
  <testcase name="testValidateNationalCode" time="0.001" classname="ir.fanap.test.business.NationalCodeBusinessImplTest"/>
  <testcase name="testValidateNationalCode" time="0.001" classname="ir.fanap.test.business.NationalCodeBusinessImplTest"/>
  <testcase name="testValidateNationalCode" time="0.002" classname="ir.fanap.test.business.NationalCodeBusinessImplTest"/>
  <testcase name="testValidateNationalCode" time="0.005" classname="ir.fanap.test.business.NationalCodeBusinessImplTest"/>
  <testcase name="testValidateNationalCode" time="0.001" classname="ir.fanap.test.business.NationalCodeBusinessImplTest"/>
</testsuite> <!-- Command line test -->
